[12:26:23:364] [INFO] - org.springframework.boot.StartupInfoLogger.logStarting(StartupInfoLogger.java:50) - Starting ProjectTeamApplication on DESKTOP-KRVLQ2R with PID 11912 (D:\IDEAProjects\ProjectTeam\target\classes started by yhy in D:\IDEAProjects\ProjectTeam)
[12:26:23:377] [INFO] - org.springframework.boot.SpringApplication.logStartupProfileInfo(SpringApplication.java:675) - No active profile set, falling back to default profiles: default
[12:26:23:442] [INFO] - org.springframework.boot.logging.DeferredLog.logTo(DeferredLog.java:227) - Devtools property defaults active! Set 'spring.devtools.add-properties' to 'false' to disable
[12:26:23:443] [INFO] - org.springframework.boot.logging.DeferredLog.logTo(DeferredLog.java:227) - For additional web related logging consider setting the 'logging.level.web' property to 'DEBUG'
[12:26:25:188] [INFO] - org.springframework.context.support.PostProcessorRegistrationDelegate$BeanPostProcessorChecker.postProcessAfterInitialization(PostProcessorRegistrationDelegate.java:330) - Bean 'org.springframework.transaction.annotation.ProxyTransactionManagementConfiguration' of type [org.springframework.transaction.annotation.ProxyTransactionManagementConfiguration$$EnhancerBySpringCGLIB$$1576a90e] is not eligible for getting processed by all BeanPostProcessors (for example: not eligible for auto-proxying)
[12:26:25:297] [INFO] - org.springframework.context.support.PostProcessorRegistrationDelegate$BeanPostProcessorChecker.postProcessAfterInitialization(PostProcessorRegistrationDelegate.java:330) - Bean 'org.springframework.hateoas.config.HateoasConfiguration' of type [org.springframework.hateoas.config.HateoasConfiguration$$EnhancerBySpringCGLIB$$94f6f640] is not eligible for getting processed by all BeanPostProcessors (for example: not eligible for auto-proxying)
[12:26:25:737] [INFO] - org.springframework.boot.web.embedded.tomcat.TomcatWebServer.initialize(TomcatWebServer.java:90) - Tomcat initialized with port(s): 8080 (http)
[12:26:25:751] [INFO] - org.apache.juli.logging.DirectJDKLog.log(DirectJDKLog.java:173) - Initializing ProtocolHandler ["http-nio-8080"]
[12:26:25:763] [INFO] - org.apache.juli.logging.DirectJDKLog.log(DirectJDKLog.java:173) - Starting service [Tomcat]
[12:26:25:764] [INFO] - org.apache.juli.logging.DirectJDKLog.log(DirectJDKLog.java:173) - Starting Servlet engine: [Apache Tomcat/9.0.16]
[12:26:25:775] [INFO] - org.apache.juli.logging.DirectJDKLog.log(DirectJDKLog.java:173) - The APR based Apache Tomcat Native library which allows optimal performance in production environments was not found on the java.library.path: [C:\Program Files\Java\jdk-11.0.2\bin;C:\Windows\Sun\Java\bin;C:\Windows\system32;C:\Windows;C:\Windows\system32;C:\Windows;C:\Windows\System32\Wbem;C:\Windows\System32\WindowsPowerShell\v1.0\;C:\Windows\System32\OpenSSH\;C:\Program Files\NVIDIA Corporation\NVIDIA NvDLISR;C:\Program Files (x86)\NVIDIA Corporation\PhysX\Common;C:\Program Files\Java\jdk-11.0.2\bin;C:\Program Files\Java\jdk-11.0.2\jre\bin;C:\Program Files\maven\apache-maven-3.6.0\bin\;E:\mysql-8.0.15-winx64\bin;C:\Users\yhy\AppData\Local\Microsoft\WindowsApps;C:\Program Files\Bandizip\;C:\Program Files\JetBrains\IntelliJ IDEA 2018.3.5\bin;;E:\SSH;.]
[12:26:25:893] [INFO] - org.apache.juli.logging.DirectJDKLog.log(DirectJDKLog.java:173) - Initializing Spring embedded WebApplicationContext
[12:26:25:893] [INFO] - org.springframework.boot.web.servlet.context.ServletWebServerApplicationContext.prepareWebApplicationContext(ServletWebServerApplicationContext.java:296) - Root WebApplicationContext: initialization completed in 2450 ms
[12:26:26:947] [INFO] - org.springframework.boot.actuate.endpoint.web.EndpointLinksResolver.<init>(EndpointLinksResolver.java:59) - Exposing 15 endpoint(s) beneath base path '/actuator'
[12:26:27:175] [INFO] - org.springframework.scheduling.concurrent.ExecutorConfigurationSupport.initialize(ExecutorConfigurationSupport.java:171) - Initializing ExecutorService 'applicationTaskExecutor'
[12:26:27:216] [INFO] - org.springframework.boot.devtools.autoconfigure.OptionalLiveReloadServer.startServer(OptionalLiveReloadServer.java:57) - LiveReload server is running on port 35729
[12:26:27:719] [INFO] - springfox.documentation.spring.web.plugins.DocumentationPluginsBootstrapper.onApplicationEvent(DocumentationPluginsBootstrapper.java:80) - Context refreshed
[12:26:27:738] [INFO] - springfox.documentation.spring.web.plugins.DocumentationPluginsBootstrapper.onApplicationEvent(DocumentationPluginsBootstrapper.java:83) - Found {0} custom documentation plugin(s)
[12:26:27:746] [INFO] - springfox.documentation.spring.web.scanners.ApiListingReferenceScanner.scan(ApiListingReferenceScanner.java:53) - Scanning for api listing references
[12:26:27:750] [INFO] - springfox.documentation.swagger.web.ClassOrApiAnnotationResourceGrouping$1.apply(ClassOrApiAnnotationResourceGrouping.java:100) - Group for method deleteUser was testdatabasecontroller
[12:26:27:752] [INFO] - springfox.documentation.spring.web.scanners.ApiListingReferenceScanner.scan(ApiListingReferenceScanner.java:72) - Request mapping: deleteUser belongs to groups: [[ResourceGroup{groupName='testdatabasecontroller', position=0, controller=top.harvie.ProjectTeam.controller.TestDatabaseController}]] 
[12:26:27:754] [INFO] - springfox.documentation.swagger.web.ClassOrApiAnnotationResourceGrouping$1.apply(ClassOrApiAnnotationResourceGrouping.java:100) - Group for method demo was democontroller
[12:26:27:754] [INFO] - springfox.documentation.spring.web.scanners.ApiListingReferenceScanner.scan(ApiListingReferenceScanner.java:72) - Request mapping: demo belongs to groups: [[ResourceGroup{groupName='democontroller', position=0, controller=top.harvie.ProjectTeam.controller.DemoController}]] 
[12:26:27:754] [INFO] - springfox.documentation.swagger.web.ClassOrApiAnnotationResourceGrouping$1.apply(ClassOrApiAnnotationResourceGrouping.java:100) - Group for method getUser was testdatabasecontroller
[12:26:27:755] [INFO] - springfox.documentation.spring.web.scanners.ApiListingReferenceScanner.scan(ApiListingReferenceScanner.java:72) - Request mapping: getUser belongs to groups: [[ResourceGroup{groupName='testdatabasecontroller', position=0, controller=top.harvie.ProjectTeam.controller.TestDatabaseController}]] 
[12:26:27:756] [INFO] - springfox.documentation.swagger.web.ClassOrApiAnnotationResourceGrouping$1.apply(ClassOrApiAnnotationResourceGrouping.java:100) - Group for method insertUser was testdatabasecontroller
[12:26:27:756] [INFO] - springfox.documentation.spring.web.scanners.ApiListingReferenceScanner.scan(ApiListingReferenceScanner.java:72) - Request mapping: insertUser belongs to groups: [[ResourceGroup{groupName='testdatabasecontroller', position=0, controller=top.harvie.ProjectTeam.controller.TestDatabaseController}]] 
[12:26:27:757] [INFO] - springfox.documentation.swagger.web.ClassOrApiAnnotationResourceGrouping$1.apply(ClassOrApiAnnotationResourceGrouping.java:100) - Group for method updateUser was testdatabasecontroller
[12:26:27:757] [INFO] - springfox.documentation.spring.web.scanners.ApiListingReferenceScanner.scan(ApiListingReferenceScanner.java:72) - Request mapping: updateUser belongs to groups: [[ResourceGroup{groupName='testdatabasecontroller', position=0, controller=top.harvie.ProjectTeam.controller.TestDatabaseController}]] 
[12:26:27:758] [INFO] - springfox.documentation.swagger.web.ClassOrApiAnnotationResourceGrouping$1.apply(ClassOrApiAnnotationResourceGrouping.java:100) - Group for method uploadFile was filecontroller
[12:26:27:758] [INFO] - springfox.documentation.spring.web.scanners.ApiListingReferenceScanner.scan(ApiListingReferenceScanner.java:72) - Request mapping: uploadFile belongs to groups: [[ResourceGroup{groupName='filecontroller', position=0, controller=top.harvie.ProjectTeam.controller.FileController}]] 
[12:26:27:763] [INFO] - springfox.documentation.spring.web.scanners.ApiListingReferenceScanner.scan(ApiListingReferenceScanner.java:84) - Created resource listing Path: /top.harvie/testdatabasecontroller Description: testdatabasecontroller Position: 0
[12:26:27:764] [INFO] - springfox.documentation.spring.web.scanners.ApiListingReferenceScanner.scan(ApiListingReferenceScanner.java:84) - Created resource listing Path: /top.harvie/filecontroller Description: filecontroller Position: 0
[12:26:27:765] [INFO] - springfox.documentation.spring.web.scanners.ApiListingReferenceScanner.scan(ApiListingReferenceScanner.java:84) - Created resource listing Path: /top.harvie/democontroller Description: democontroller Position: 0
[12:26:27:781] [INFO] - springfox.documentation.schema.ModelContextKeyGenerator.generate(ModelContextKeyGenerator.java:46) - Cache Key Generated: java.lang.Object(true)
[12:26:27:782] [INFO] - springfox.documentation.spring.web.caching.CachingAspect.modelsAndDependencies(CachingAspect.java:79) - Caching aspect applied for cache models with key java.lang.Object(true)
[12:26:27:786] [INFO] - springfox.documentation.schema.ModelContextKeyGenerator.generate(ModelContextKeyGenerator.java:46) - Cache Key Generated: java.lang.Object(true)
[12:26:27:786] [INFO] - springfox.documentation.spring.web.caching.CachingAspect.modelsAndDependencies(CachingAspect.java:79) - Caching aspect applied for cache modelDependencies with key java.lang.Object(true)
[12:26:27:791] [INFO] - springfox.documentation.spring.web.OperationsKeyGenerator.generate(OperationsKeyGenerator.java:51) - Cache key generated: /api/demo.top.harvie.ProjectTeam.controller.DemoController.demo.CodeGenGenericTypeNamingStrategy
[12:26:27:791] [INFO] - springfox.documentation.spring.web.caching.CachingAspect.operationsAndProperties(CachingAspect.java:68) - Caching aspect applied for cache operations with key /api/demo.top.harvie.ProjectTeam.controller.DemoController.demo.CodeGenGenericTypeNamingStrategy
[12:26:27:805] [INFO] - springfox.documentation.swagger.web.ClassOrApiAnnotationResourceGrouping$1.apply(ClassOrApiAnnotationResourceGrouping.java:100) - Group for method demo was democontroller
[12:26:27:812] [INFO] - springfox.documentation.swagger.web.ClassOrApiAnnotationResourceGrouping$1.apply(ClassOrApiAnnotationResourceGrouping.java:100) - Group for method demo was democontroller
[12:26:27:820] [INFO] - springfox.documentation.schema.ModelContextKeyGenerator.generate(ModelContextKeyGenerator.java:46) - Cache Key Generated: java.lang.Object(true)
[12:26:27:821] [INFO] - springfox.documentation.spring.web.caching.CachingAspect.modelsAndDependencies(CachingAspect.java:79) - Caching aspect applied for cache models with key java.lang.Object(true)
[12:26:27:821] [INFO] - springfox.documentation.schema.ModelContextKeyGenerator.generate(ModelContextKeyGenerator.java:46) - Cache Key Generated: java.lang.Object(true)
[12:26:27:821] [INFO] - springfox.documentation.spring.web.caching.CachingAspect.modelsAndDependencies(CachingAspect.java:79) - Caching aspect applied for cache modelDependencies with key java.lang.Object(true)
[12:26:27:821] [INFO] - springfox.documentation.spring.web.OperationsKeyGenerator.generate(OperationsKeyGenerator.java:51) - Cache key generated: /api/uploadFile.top.harvie.ProjectTeam.controller.FileController.uploadFile.CodeGenGenericTypeNamingStrategy
[12:26:27:821] [INFO] - springfox.documentation.spring.web.caching.CachingAspect.operationsAndProperties(CachingAspect.java:68) - Caching aspect applied for cache operations with key /api/uploadFile.top.harvie.ProjectTeam.controller.FileController.uploadFile.CodeGenGenericTypeNamingStrategy
[12:26:27:823] [INFO] - springfox.documentation.swagger.web.ClassOrApiAnnotationResourceGrouping$1.apply(ClassOrApiAnnotationResourceGrouping.java:100) - Group for method uploadFile was filecontroller
[12:26:27:824] [INFO] - springfox.documentation.swagger.web.ClassOrApiAnnotationResourceGrouping$1.apply(ClassOrApiAnnotationResourceGrouping.java:100) - Group for method uploadFile was filecontroller
[12:26:27:828] [INFO] - springfox.documentation.schema.ModelContextKeyGenerator.generate(ModelContextKeyGenerator.java:46) - Cache Key Generated: java.lang.Object(true)
[12:26:27:829] [INFO] - springfox.documentation.spring.web.caching.CachingAspect.modelsAndDependencies(CachingAspect.java:79) - Caching aspect applied for cache models with key java.lang.Object(true)
[12:26:27:830] [INFO] - springfox.documentation.schema.ModelContextKeyGenerator.generate(ModelContextKeyGenerator.java:46) - Cache Key Generated: java.lang.Object(true)
[12:26:27:830] [INFO] - springfox.documentation.spring.web.caching.CachingAspect.modelsAndDependencies(CachingAspect.java:79) - Caching aspect applied for cache modelDependencies with key java.lang.Object(true)
[12:26:27:831] [INFO] - springfox.documentation.spring.web.OperationsKeyGenerator.generate(OperationsKeyGenerator.java:51) - Cache key generated: /api/deleteUser.top.harvie.ProjectTeam.controller.TestDatabaseController.deleteUser.CodeGenGenericTypeNamingStrategy
[12:26:27:831] [INFO] - springfox.documentation.spring.web.caching.CachingAspect.operationsAndProperties(CachingAspect.java:68) - Caching aspect applied for cache operations with key /api/deleteUser.top.harvie.ProjectTeam.controller.TestDatabaseController.deleteUser.CodeGenGenericTypeNamingStrategy
[12:26:27:833] [INFO] - springfox.documentation.swagger.web.ClassOrApiAnnotationResourceGrouping$1.apply(ClassOrApiAnnotationResourceGrouping.java:100) - Group for method deleteUser was testdatabasecontroller
[12:26:27:835] [INFO] - springfox.documentation.swagger.web.ClassOrApiAnnotationResourceGrouping$1.apply(ClassOrApiAnnotationResourceGrouping.java:100) - Group for method deleteUser was testdatabasecontroller
[12:26:27:838] [INFO] - springfox.documentation.schema.ModelContextKeyGenerator.generate(ModelContextKeyGenerator.java:46) - Cache Key Generated: java.lang.Object(true)
[12:26:27:838] [INFO] - springfox.documentation.spring.web.caching.CachingAspect.modelsAndDependencies(CachingAspect.java:79) - Caching aspect applied for cache models with key java.lang.Object(true)
[12:26:27:839] [INFO] - springfox.documentation.schema.ModelContextKeyGenerator.generate(ModelContextKeyGenerator.java:46) - Cache Key Generated: java.lang.Object(true)
[12:26:27:839] [INFO] - springfox.documentation.spring.web.caching.CachingAspect.modelsAndDependencies(CachingAspect.java:79) - Caching aspect applied for cache modelDependencies with key java.lang.Object(true)
[12:26:27:839] [INFO] - springfox.documentation.spring.web.OperationsKeyGenerator.generate(OperationsKeyGenerator.java:51) - Cache key generated: /api/getUser.top.harvie.ProjectTeam.controller.TestDatabaseController.getUser.CodeGenGenericTypeNamingStrategy
[12:26:27:840] [INFO] - springfox.documentation.spring.web.caching.CachingAspect.operationsAndProperties(CachingAspect.java:68) - Caching aspect applied for cache operations with key /api/getUser.top.harvie.ProjectTeam.controller.TestDatabaseController.getUser.CodeGenGenericTypeNamingStrategy
[12:26:27:843] [INFO] - springfox.documentation.swagger.web.ClassOrApiAnnotationResourceGrouping$1.apply(ClassOrApiAnnotationResourceGrouping.java:100) - Group for method getUser was testdatabasecontroller
[12:26:27:846] [INFO] - springfox.documentation.swagger.web.ClassOrApiAnnotationResourceGrouping$1.apply(ClassOrApiAnnotationResourceGrouping.java:100) - Group for method getUser was testdatabasecontroller
[12:26:27:851] [INFO] - springfox.documentation.schema.ModelContextKeyGenerator.generate(ModelContextKeyGenerator.java:46) - Cache Key Generated: java.lang.Object(true)
[12:26:27:851] [INFO] - springfox.documentation.spring.web.caching.CachingAspect.modelsAndDependencies(CachingAspect.java:79) - Caching aspect applied for cache models with key java.lang.Object(true)
[12:26:27:852] [INFO] - springfox.documentation.schema.ModelContextKeyGenerator.generate(ModelContextKeyGenerator.java:46) - Cache Key Generated: java.lang.Object(true)
[12:26:27:852] [INFO] - springfox.documentation.spring.web.caching.CachingAspect.modelsAndDependencies(CachingAspect.java:79) - Caching aspect applied for cache modelDependencies with key java.lang.Object(true)
[12:26:27:853] [INFO] - springfox.documentation.spring.web.OperationsKeyGenerator.generate(OperationsKeyGenerator.java:51) - Cache key generated: /api/insertUser.top.harvie.ProjectTeam.controller.TestDatabaseController.insertUser.CodeGenGenericTypeNamingStrategy
[12:26:27:854] [INFO] - springfox.documentation.spring.web.caching.CachingAspect.operationsAndProperties(CachingAspect.java:68) - Caching aspect applied for cache operations with key /api/insertUser.top.harvie.ProjectTeam.controller.TestDatabaseController.insertUser.CodeGenGenericTypeNamingStrategy
[12:26:27:860] [INFO] - springfox.documentation.swagger.web.ClassOrApiAnnotationResourceGrouping$1.apply(ClassOrApiAnnotationResourceGrouping.java:100) - Group for method insertUser was testdatabasecontroller
[12:26:27:863] [INFO] - springfox.documentation.swagger.web.ClassOrApiAnnotationResourceGrouping$1.apply(ClassOrApiAnnotationResourceGrouping.java:100) - Group for method insertUser was testdatabasecontroller
[12:26:27:867] [INFO] - springfox.documentation.schema.ModelContextKeyGenerator.generate(ModelContextKeyGenerator.java:46) - Cache Key Generated: java.lang.Object(true)
[12:26:27:867] [INFO] - springfox.documentation.spring.web.caching.CachingAspect.modelsAndDependencies(CachingAspect.java:79) - Caching aspect applied for cache models with key java.lang.Object(true)
[12:26:27:868] [INFO] - springfox.documentation.schema.ModelContextKeyGenerator.generate(ModelContextKeyGenerator.java:46) - Cache Key Generated: java.lang.Object(true)
[12:26:27:868] [INFO] - springfox.documentation.spring.web.caching.CachingAspect.modelsAndDependencies(CachingAspect.java:79) - Caching aspect applied for cache modelDependencies with key java.lang.Object(true)
[12:26:27:869] [INFO] - springfox.documentation.spring.web.OperationsKeyGenerator.generate(OperationsKeyGenerator.java:51) - Cache key generated: /api/updateUser.top.harvie.ProjectTeam.controller.TestDatabaseController.updateUser.CodeGenGenericTypeNamingStrategy
[12:26:27:869] [INFO] - springfox.documentation.spring.web.caching.CachingAspect.operationsAndProperties(CachingAspect.java:68) - Caching aspect applied for cache operations with key /api/updateUser.top.harvie.ProjectTeam.controller.TestDatabaseController.updateUser.CodeGenGenericTypeNamingStrategy
[12:26:27:872] [INFO] - springfox.documentation.swagger.web.ClassOrApiAnnotationResourceGrouping$1.apply(ClassOrApiAnnotationResourceGrouping.java:100) - Group for method updateUser was testdatabasecontroller
[12:26:27:873] [INFO] - springfox.documentation.swagger.web.ClassOrApiAnnotationResourceGrouping$1.apply(ClassOrApiAnnotationResourceGrouping.java:100) - Group for method updateUser was testdatabasecontroller
[12:26:27:886] [INFO] - org.apache.juli.logging.DirectJDKLog.log(DirectJDKLog.java:173) - Starting ProtocolHandler ["http-nio-8080"]
[12:26:27:908] [INFO] - org.springframework.boot.web.embedded.tomcat.TomcatWebServer.start(TomcatWebServer.java:204) - Tomcat started on port(s): 8080 (http) with context path ''
[12:26:27:911] [INFO] - org.springframework.boot.StartupInfoLogger.logStarted(StartupInfoLogger.java:59) - Started ProjectTeamApplication in 5.066 seconds (JVM running for 8.459)
[12:26:29:857] [INFO] - com.zaxxer.hikari.HikariDataSource.getConnection(HikariDataSource.java:110) - HikariPool-1 - Starting...
[12:26:29:860] [INFO] - org.apache.juli.logging.DirectJDKLog.log(DirectJDKLog.java:173) - Initializing Spring DispatcherServlet 'dispatcherServlet'
[12:26:29:860] [INFO] - org.springframework.web.servlet.FrameworkServlet.initServletBean(FrameworkServlet.java:524) - Initializing Servlet 'dispatcherServlet'
[12:26:29:861] [WARN] - com.zaxxer.hikari.util.DriverDataSource.<init>(DriverDataSource.java:68) - Registered driver with driverClassName=com.mysql.jdbc.Driver was not found, trying direct instantiation.
[12:26:29:874] [INFO] - org.springframework.web.servlet.FrameworkServlet.initServletBean(FrameworkServlet.java:546) - Completed initialization in 13 ms
[12:26:31:455] [INFO] - com.zaxxer.hikari.HikariDataSource.getConnection(HikariDataSource.java:123) - HikariPool-1 - Start completed.
[21:32:55:802] [INFO] - org.springframework.boot.StartupInfoLogger.logStarting(StartupInfoLogger.java:50) - Starting ProjectTeamApplication on DESKTOP-KRVLQ2R with PID 11896 (D:\IDEAProjects\ProjectTeam\target\classes started by yhy in D:\IDEAProjects\ProjectTeam)
[21:32:55:845] [INFO] - org.springframework.boot.SpringApplication.logStartupProfileInfo(SpringApplication.java:675) - No active profile set, falling back to default profiles: default
[21:32:55:900] [INFO] - org.springframework.boot.logging.DeferredLog.logTo(DeferredLog.java:227) - Devtools property defaults active! Set 'spring.devtools.add-properties' to 'false' to disable
[21:32:55:901] [INFO] - org.springframework.boot.logging.DeferredLog.logTo(DeferredLog.java:227) - For additional web related logging consider setting the 'logging.level.web' property to 'DEBUG'
[21:32:57:651] [INFO] - org.springframework.context.support.PostProcessorRegistrationDelegate$BeanPostProcessorChecker.postProcessAfterInitialization(PostProcessorRegistrationDelegate.java:330) - Bean 'org.springframework.transaction.annotation.ProxyTransactionManagementConfiguration' of type [org.springframework.transaction.annotation.ProxyTransactionManagementConfiguration$$EnhancerBySpringCGLIB$$4e3ee953] is not eligible for getting processed by all BeanPostProcessors (for example: not eligible for auto-proxying)
[21:32:57:768] [INFO] - org.springframework.context.support.PostProcessorRegistrationDelegate$BeanPostProcessorChecker.postProcessAfterInitialization(PostProcessorRegistrationDelegate.java:330) - Bean 'org.springframework.hateoas.config.HateoasConfiguration' of type [org.springframework.hateoas.config.HateoasConfiguration$$EnhancerBySpringCGLIB$$cdbf3685] is not eligible for getting processed by all BeanPostProcessors (for example: not eligible for auto-proxying)
[21:32:58:253] [INFO] - org.springframework.boot.web.embedded.tomcat.TomcatWebServer.initialize(TomcatWebServer.java:90) - Tomcat initialized with port(s): 8080 (https)
[21:32:58:272] [INFO] - org.apache.juli.logging.DirectJDKLog.log(DirectJDKLog.java:173) - Initializing ProtocolHandler ["https-jsse-nio-8080"]
[21:32:58:289] [INFO] - org.apache.juli.logging.DirectJDKLog.log(DirectJDKLog.java:173) - Starting service [Tomcat]
[21:32:58:290] [INFO] - org.apache.juli.logging.DirectJDKLog.log(DirectJDKLog.java:173) - Starting Servlet engine: [Apache Tomcat/9.0.16]
[21:32:58:301] [INFO] - org.apache.juli.logging.DirectJDKLog.log(DirectJDKLog.java:173) - The APR based Apache Tomcat Native library which allows optimal performance in production environments was not found on the java.library.path: [C:\Program Files\Java\jdk-11.0.2\bin;C:\Windows\Sun\Java\bin;C:\Windows\system32;C:\Windows;C:\Windows\system32;C:\Windows;C:\Windows\System32\Wbem;C:\Windows\System32\WindowsPowerShell\v1.0\;C:\Windows\System32\OpenSSH\;C:\Program Files\NVIDIA Corporation\NVIDIA NvDLISR;C:\Program Files (x86)\NVIDIA Corporation\PhysX\Common;C:\Program Files\Java\jdk-11.0.2\bin;C:\Program Files\Java\jdk-11.0.2\jre\bin;C:\Program Files\maven\apache-maven-3.6.0\bin\;E:\mysql-8.0.15-winx64\bin;C:\Users\yhy\AppData\Local\Microsoft\WindowsApps;C:\Program Files\Bandizip\;C:\Program Files\JetBrains\IntelliJ IDEA 2018.3.5\bin;;E:\SSH;.]
[21:32:58:434] [INFO] - org.apache.juli.logging.DirectJDKLog.log(DirectJDKLog.java:173) - Initializing Spring embedded WebApplicationContext
[21:32:58:434] [INFO] - org.springframework.boot.web.servlet.context.ServletWebServerApplicationContext.prepareWebApplicationContext(ServletWebServerApplicationContext.java:296) - Root WebApplicationContext: initialization completed in 2533 ms
[21:32:59:470] [INFO] - org.springframework.boot.actuate.endpoint.web.EndpointLinksResolver.<init>(EndpointLinksResolver.java:59) - Exposing 15 endpoint(s) beneath base path '/actuator'
[21:32:59:745] [INFO] - org.springframework.scheduling.concurrent.ExecutorConfigurationSupport.initialize(ExecutorConfigurationSupport.java:171) - Initializing ExecutorService 'applicationTaskExecutor'
[21:32:59:803] [INFO] - org.springframework.boot.devtools.autoconfigure.OptionalLiveReloadServer.startServer(OptionalLiveReloadServer.java:57) - LiveReload server is running on port 35729
[21:33:00:147] [INFO] - springfox.documentation.spring.web.plugins.DocumentationPluginsBootstrapper.onApplicationEvent(DocumentationPluginsBootstrapper.java:80) - Context refreshed
[21:33:00:164] [INFO] - springfox.documentation.spring.web.plugins.DocumentationPluginsBootstrapper.onApplicationEvent(DocumentationPluginsBootstrapper.java:83) - Found {0} custom documentation plugin(s)
[21:33:00:179] [INFO] - springfox.documentation.spring.web.scanners.ApiListingReferenceScanner.scan(ApiListingReferenceScanner.java:53) - Scanning for api listing references
[21:33:00:183] [INFO] - springfox.documentation.swagger.web.ClassOrApiAnnotationResourceGrouping$1.apply(ClassOrApiAnnotationResourceGrouping.java:100) - Group for method deleteUser was testdatabasecontroller
[21:33:00:185] [INFO] - springfox.documentation.spring.web.scanners.ApiListingReferenceScanner.scan(ApiListingReferenceScanner.java:72) - Request mapping: deleteUser belongs to groups: [[ResourceGroup{groupName='testdatabasecontroller', position=0, controller=top.harvie.ProjectTeam.controller.TestDatabaseController}]] 
[21:33:00:186] [INFO] - springfox.documentation.swagger.web.ClassOrApiAnnotationResourceGrouping$1.apply(ClassOrApiAnnotationResourceGrouping.java:100) - Group for method demo was democontroller
[21:33:00:186] [INFO] - springfox.documentation.spring.web.scanners.ApiListingReferenceScanner.scan(ApiListingReferenceScanner.java:72) - Request mapping: demo belongs to groups: [[ResourceGroup{groupName='democontroller', position=0, controller=top.harvie.ProjectTeam.controller.DemoController}]] 
[21:33:00:187] [INFO] - springfox.documentation.swagger.web.ClassOrApiAnnotationResourceGrouping$1.apply(ClassOrApiAnnotationResourceGrouping.java:100) - Group for method getUser was testdatabasecontroller
[21:33:00:187] [INFO] - springfox.documentation.spring.web.scanners.ApiListingReferenceScanner.scan(ApiListingReferenceScanner.java:72) - Request mapping: getUser belongs to groups: [[ResourceGroup{groupName='testdatabasecontroller', position=0, controller=top.harvie.ProjectTeam.controller.TestDatabaseController}]] 
[21:33:00:188] [INFO] - springfox.documentation.swagger.web.ClassOrApiAnnotationResourceGrouping$1.apply(ClassOrApiAnnotationResourceGrouping.java:100) - Group for method insertUser was testdatabasecontroller
[21:33:00:189] [INFO] - springfox.documentation.spring.web.scanners.ApiListingReferenceScanner.scan(ApiListingReferenceScanner.java:72) - Request mapping: insertUser belongs to groups: [[ResourceGroup{groupName='testdatabasecontroller', position=0, controller=top.harvie.ProjectTeam.controller.TestDatabaseController}]] 
[21:33:00:189] [INFO] - springfox.documentation.swagger.web.ClassOrApiAnnotationResourceGrouping$1.apply(ClassOrApiAnnotationResourceGrouping.java:100) - Group for method updateUser was testdatabasecontroller
[21:33:00:190] [INFO] - springfox.documentation.spring.web.scanners.ApiListingReferenceScanner.scan(ApiListingReferenceScanner.java:72) - Request mapping: updateUser belongs to groups: [[ResourceGroup{groupName='testdatabasecontroller', position=0, controller=top.harvie.ProjectTeam.controller.TestDatabaseController}]] 
[21:33:00:190] [INFO] - springfox.documentation.swagger.web.ClassOrApiAnnotationResourceGrouping$1.apply(ClassOrApiAnnotationResourceGrouping.java:100) - Group for method uploadFile was filecontroller
[21:33:00:190] [INFO] - springfox.documentation.spring.web.scanners.ApiListingReferenceScanner.scan(ApiListingReferenceScanner.java:72) - Request mapping: uploadFile belongs to groups: [[ResourceGroup{groupName='filecontroller', position=0, controller=top.harvie.ProjectTeam.controller.FileController}]] 
[21:33:00:194] [INFO] - springfox.documentation.spring.web.scanners.ApiListingReferenceScanner.scan(ApiListingReferenceScanner.java:84) - Created resource listing Path: /top.harvie/democontroller Description: democontroller Position: 0
[21:33:00:195] [INFO] - springfox.documentation.spring.web.scanners.ApiListingReferenceScanner.scan(ApiListingReferenceScanner.java:84) - Created resource listing Path: /top.harvie/filecontroller Description: filecontroller Position: 0
[21:33:00:196] [INFO] - springfox.documentation.spring.web.scanners.ApiListingReferenceScanner.scan(ApiListingReferenceScanner.java:84) - Created resource listing Path: /top.harvie/testdatabasecontroller Description: testdatabasecontroller Position: 0
[21:33:00:212] [INFO] - springfox.documentation.schema.ModelContextKeyGenerator.generate(ModelContextKeyGenerator.java:46) - Cache Key Generated: java.lang.Object(true)
[21:33:00:212] [INFO] - springfox.documentation.spring.web.caching.CachingAspect.modelsAndDependencies(CachingAspect.java:79) - Caching aspect applied for cache models with key java.lang.Object(true)
[21:33:00:216] [INFO] - springfox.documentation.schema.ModelContextKeyGenerator.generate(ModelContextKeyGenerator.java:46) - Cache Key Generated: java.lang.Object(true)
[21:33:00:216] [INFO] - springfox.documentation.spring.web.caching.CachingAspect.modelsAndDependencies(CachingAspect.java:79) - Caching aspect applied for cache modelDependencies with key java.lang.Object(true)
[21:33:00:221] [INFO] - springfox.documentation.spring.web.OperationsKeyGenerator.generate(OperationsKeyGenerator.java:51) - Cache key generated: /api/demo.top.harvie.ProjectTeam.controller.DemoController.demo.CodeGenGenericTypeNamingStrategy
[21:33:00:221] [INFO] - springfox.documentation.spring.web.caching.CachingAspect.operationsAndProperties(CachingAspect.java:68) - Caching aspect applied for cache operations with key /api/demo.top.harvie.ProjectTeam.controller.DemoController.demo.CodeGenGenericTypeNamingStrategy
[21:33:00:235] [INFO] - springfox.documentation.swagger.web.ClassOrApiAnnotationResourceGrouping$1.apply(ClassOrApiAnnotationResourceGrouping.java:100) - Group for method demo was democontroller
[21:33:00:244] [INFO] - springfox.documentation.swagger.web.ClassOrApiAnnotationResourceGrouping$1.apply(ClassOrApiAnnotationResourceGrouping.java:100) - Group for method demo was democontroller
[21:33:00:254] [INFO] - springfox.documentation.schema.ModelContextKeyGenerator.generate(ModelContextKeyGenerator.java:46) - Cache Key Generated: java.lang.Object(true)
[21:33:00:254] [INFO] - springfox.documentation.spring.web.caching.CachingAspect.modelsAndDependencies(CachingAspect.java:79) - Caching aspect applied for cache models with key java.lang.Object(true)
[21:33:00:255] [INFO] - springfox.documentation.schema.ModelContextKeyGenerator.generate(ModelContextKeyGenerator.java:46) - Cache Key Generated: java.lang.Object(true)
[21:33:00:256] [INFO] - springfox.documentation.spring.web.caching.CachingAspect.modelsAndDependencies(CachingAspect.java:79) - Caching aspect applied for cache modelDependencies with key java.lang.Object(true)
[21:33:00:256] [INFO] - springfox.documentation.spring.web.OperationsKeyGenerator.generate(OperationsKeyGenerator.java:51) - Cache key generated: /api/uploadFile.top.harvie.ProjectTeam.controller.FileController.uploadFile.CodeGenGenericTypeNamingStrategy
[21:33:00:256] [INFO] - springfox.documentation.spring.web.caching.CachingAspect.operationsAndProperties(CachingAspect.java:68) - Caching aspect applied for cache operations with key /api/uploadFile.top.harvie.ProjectTeam.controller.FileController.uploadFile.CodeGenGenericTypeNamingStrategy
[21:33:00:258] [INFO] - springfox.documentation.swagger.web.ClassOrApiAnnotationResourceGrouping$1.apply(ClassOrApiAnnotationResourceGrouping.java:100) - Group for method uploadFile was filecontroller
[21:33:00:259] [INFO] - springfox.documentation.swagger.web.ClassOrApiAnnotationResourceGrouping$1.apply(ClassOrApiAnnotationResourceGrouping.java:100) - Group for method uploadFile was filecontroller
[21:33:00:261] [INFO] - springfox.documentation.schema.ModelContextKeyGenerator.generate(ModelContextKeyGenerator.java:46) - Cache Key Generated: java.lang.Object(true)
[21:33:00:261] [INFO] - springfox.documentation.spring.web.caching.CachingAspect.modelsAndDependencies(CachingAspect.java:79) - Caching aspect applied for cache models with key java.lang.Object(true)
[21:33:00:261] [INFO] - springfox.documentation.schema.ModelContextKeyGenerator.generate(ModelContextKeyGenerator.java:46) - Cache Key Generated: java.lang.Object(true)
[21:33:00:261] [INFO] - springfox.documentation.spring.web.caching.CachingAspect.modelsAndDependencies(CachingAspect.java:79) - Caching aspect applied for cache modelDependencies with key java.lang.Object(true)
[21:33:00:262] [INFO] - springfox.documentation.spring.web.OperationsKeyGenerator.generate(OperationsKeyGenerator.java:51) - Cache key generated: /api/deleteUser.top.harvie.ProjectTeam.controller.TestDatabaseController.deleteUser.CodeGenGenericTypeNamingStrategy
[21:33:00:262] [INFO] - springfox.documentation.spring.web.caching.CachingAspect.operationsAndProperties(CachingAspect.java:68) - Caching aspect applied for cache operations with key /api/deleteUser.top.harvie.ProjectTeam.controller.TestDatabaseController.deleteUser.CodeGenGenericTypeNamingStrategy
[21:33:00:263] [INFO] - springfox.documentation.swagger.web.ClassOrApiAnnotationResourceGrouping$1.apply(ClassOrApiAnnotationResourceGrouping.java:100) - Group for method deleteUser was testdatabasecontroller
[21:33:00:264] [INFO] - springfox.documentation.swagger.web.ClassOrApiAnnotationResourceGrouping$1.apply(ClassOrApiAnnotationResourceGrouping.java:100) - Group for method deleteUser was testdatabasecontroller
[21:33:00:266] [INFO] - springfox.documentation.schema.ModelContextKeyGenerator.generate(ModelContextKeyGenerator.java:46) - Cache Key Generated: java.lang.Object(true)
[21:33:00:266] [INFO] - springfox.documentation.spring.web.caching.CachingAspect.modelsAndDependencies(CachingAspect.java:79) - Caching aspect applied for cache models with key java.lang.Object(true)
[21:33:00:266] [INFO] - springfox.documentation.schema.ModelContextKeyGenerator.generate(ModelContextKeyGenerator.java:46) - Cache Key Generated: java.lang.Object(true)
[21:33:00:266] [INFO] - springfox.documentation.spring.web.caching.CachingAspect.modelsAndDependencies(CachingAspect.java:79) - Caching aspect applied for cache modelDependencies with key java.lang.Object(true)
[21:33:00:267] [INFO] - springfox.documentation.spring.web.OperationsKeyGenerator.generate(OperationsKeyGenerator.java:51) - Cache key generated: /api/getUser.top.harvie.ProjectTeam.controller.TestDatabaseController.getUser.CodeGenGenericTypeNamingStrategy
[21:33:00:267] [INFO] - springfox.documentation.spring.web.caching.CachingAspect.operationsAndProperties(CachingAspect.java:68) - Caching aspect applied for cache operations with key /api/getUser.top.harvie.ProjectTeam.controller.TestDatabaseController.getUser.CodeGenGenericTypeNamingStrategy
[21:33:00:268] [INFO] - springfox.documentation.swagger.web.ClassOrApiAnnotationResourceGrouping$1.apply(ClassOrApiAnnotationResourceGrouping.java:100) - Group for method getUser was testdatabasecontroller
[21:33:00:270] [INFO] - springfox.documentation.swagger.web.ClassOrApiAnnotationResourceGrouping$1.apply(ClassOrApiAnnotationResourceGrouping.java:100) - Group for method getUser was testdatabasecontroller
[21:33:00:272] [INFO] - springfox.documentation.schema.ModelContextKeyGenerator.generate(ModelContextKeyGenerator.java:46) - Cache Key Generated: java.lang.Object(true)
[21:33:00:272] [INFO] - springfox.documentation.spring.web.caching.CachingAspect.modelsAndDependencies(CachingAspect.java:79) - Caching aspect applied for cache models with key java.lang.Object(true)
[21:33:00:273] [INFO] - springfox.documentation.schema.ModelContextKeyGenerator.generate(ModelContextKeyGenerator.java:46) - Cache Key Generated: java.lang.Object(true)
[21:33:00:273] [INFO] - springfox.documentation.spring.web.caching.CachingAspect.modelsAndDependencies(CachingAspect.java:79) - Caching aspect applied for cache modelDependencies with key java.lang.Object(true)
[21:33:00:274] [INFO] - springfox.documentation.spring.web.OperationsKeyGenerator.generate(OperationsKeyGenerator.java:51) - Cache key generated: /api/insertUser.top.harvie.ProjectTeam.controller.TestDatabaseController.insertUser.CodeGenGenericTypeNamingStrategy
[21:33:00:274] [INFO] - springfox.documentation.spring.web.caching.CachingAspect.operationsAndProperties(CachingAspect.java:68) - Caching aspect applied for cache operations with key /api/insertUser.top.harvie.ProjectTeam.controller.TestDatabaseController.insertUser.CodeGenGenericTypeNamingStrategy
[21:33:00:277] [INFO] - springfox.documentation.swagger.web.ClassOrApiAnnotationResourceGrouping$1.apply(ClassOrApiAnnotationResourceGrouping.java:100) - Group for method insertUser was testdatabasecontroller
[21:33:00:278] [INFO] - springfox.documentation.swagger.web.ClassOrApiAnnotationResourceGrouping$1.apply(ClassOrApiAnnotationResourceGrouping.java:100) - Group for method insertUser was testdatabasecontroller
[21:33:00:280] [INFO] - springfox.documentation.schema.ModelContextKeyGenerator.generate(ModelContextKeyGenerator.java:46) - Cache Key Generated: java.lang.Object(true)
[21:33:00:281] [INFO] - springfox.documentation.spring.web.caching.CachingAspect.modelsAndDependencies(CachingAspect.java:79) - Caching aspect applied for cache models with key java.lang.Object(true)
[21:33:00:281] [INFO] - springfox.documentation.schema.ModelContextKeyGenerator.generate(ModelContextKeyGenerator.java:46) - Cache Key Generated: java.lang.Object(true)
[21:33:00:281] [INFO] - springfox.documentation.spring.web.caching.CachingAspect.modelsAndDependencies(CachingAspect.java:79) - Caching aspect applied for cache modelDependencies with key java.lang.Object(true)
[21:33:00:282] [INFO] - springfox.documentation.spring.web.OperationsKeyGenerator.generate(OperationsKeyGenerator.java:51) - Cache key generated: /api/updateUser.top.harvie.ProjectTeam.controller.TestDatabaseController.updateUser.CodeGenGenericTypeNamingStrategy
[21:33:00:282] [INFO] - springfox.documentation.spring.web.caching.CachingAspect.operationsAndProperties(CachingAspect.java:68) - Caching aspect applied for cache operations with key /api/updateUser.top.harvie.ProjectTeam.controller.TestDatabaseController.updateUser.CodeGenGenericTypeNamingStrategy
[21:33:00:286] [INFO] - springfox.documentation.swagger.web.ClassOrApiAnnotationResourceGrouping$1.apply(ClassOrApiAnnotationResourceGrouping.java:100) - Group for method updateUser was testdatabasecontroller
[21:33:00:288] [INFO] - springfox.documentation.swagger.web.ClassOrApiAnnotationResourceGrouping$1.apply(ClassOrApiAnnotationResourceGrouping.java:100) - Group for method updateUser was testdatabasecontroller
[21:33:00:303] [INFO] - org.apache.juli.logging.DirectJDKLog.log(DirectJDKLog.java:173) - Starting ProtocolHandler ["https-jsse-nio-8080"]
[21:33:00:963] [INFO] - org.springframework.boot.web.embedded.tomcat.TomcatWebServer.start(TomcatWebServer.java:204) - Tomcat started on port(s): 8080 (https) with context path ''
[21:33:00:966] [INFO] - org.springframework.boot.StartupInfoLogger.logStarted(StartupInfoLogger.java:59) - Started ProjectTeamApplication in 5.609 seconds (JVM running for 8.918)
[21:33:01:175] [INFO] - com.zaxxer.hikari.HikariDataSource.getConnection(HikariDataSource.java:110) - HikariPool-1 - Starting...
[21:33:01:185] [WARN] - com.zaxxer.hikari.util.DriverDataSource.<init>(DriverDataSource.java:68) - Registered driver with driverClassName=com.mysql.jdbc.Driver was not found, trying direct instantiation.
[21:33:02:275] [INFO] - com.zaxxer.hikari.HikariDataSource.getConnection(HikariDataSource.java:123) - HikariPool-1 - Start completed.
[21:33:03:000] [INFO] - org.apache.juli.logging.DirectJDKLog.log(DirectJDKLog.java:173) - Initializing Spring DispatcherServlet 'dispatcherServlet'
[21:33:03:001] [INFO] - org.springframework.web.servlet.FrameworkServlet.initServletBean(FrameworkServlet.java:524) - Initializing Servlet 'dispatcherServlet'
[21:33:03:028] [INFO] - org.springframework.web.servlet.FrameworkServlet.initServletBean(FrameworkServlet.java:546) - Completed initialization in 27 ms
