[10:45:59:691] [INFO] - org.springframework.boot.logging.DeferredLog.logTo(DeferredLog.java:227) - Devtools property defaults active! Set 'spring.devtools.add-properties' to 'false' to disable
[10:46:00:123] [INFO] - org.springframework.context.support.PostProcessorRegistrationDelegate$BeanPostProcessorChecker.postProcessAfterInitialization(PostProcessorRegistrationDelegate.java:330) - Bean 'org.springframework.cloud.autoconfigure.ConfigurationPropertiesRebinderAutoConfiguration' of type [org.springframework.cloud.autoconfigure.ConfigurationPropertiesRebinderAutoConfiguration$$EnhancerBySpringCGLIB$$3c44e40c] is not eligible for getting processed by all BeanPostProcessors (for example: not eligible for auto-proxying)
[10:46:01:421] [INFO] - org.springframework.boot.SpringApplication.logStartupProfileInfo(SpringApplication.java:679) - The following profiles are active: default
[10:46:03:141] [INFO] - org.springframework.data.repository.config.RepositoryConfigurationDelegate.multipleStoresDetected(RepositoryConfigurationDelegate.java:244) - Multiple Spring Data modules found, entering strict repository configuration mode!
[10:46:03:145] [INFO] - org.springframework.data.repository.config.RepositoryConfigurationDelegate.registerRepositoriesIn(RepositoryConfigurationDelegate.java:126) - Bootstrapping Spring Data repositories in DEFAULT mode.
[10:46:03:192] [INFO] - org.springframework.data.repository.config.RepositoryConfigurationDelegate.registerRepositoriesIn(RepositoryConfigurationDelegate.java:182) - Finished Spring Data repository scanning in 23ms. Found 0 repository interfaces.
[10:46:03:430] [WARN] - org.springframework.boot.actuate.endpoint.EndpointId.logWarning(EndpointId.java:135) - Endpoint ID 'service-registry' contains invalid characters, please migrate to a valid format.
[10:46:03:744] [INFO] - org.springframework.cloud.context.scope.GenericScope.setSerializationId(GenericScope.java:294) - BeanFactory id=8aa29a8a-7438-3fcd-b6ac-e444169cd6f9
[10:46:03:908] [INFO] - org.springframework.context.support.PostProcessorRegistrationDelegate$BeanPostProcessorChecker.postProcessAfterInitialization(PostProcessorRegistrationDelegate.java:330) - Bean 'org.springframework.transaction.annotation.ProxyTransactionManagementConfiguration' of type [org.springframework.transaction.annotation.ProxyTransactionManagementConfiguration$$EnhancerBySpringCGLIB$$202ae10f] is not eligible for getting processed by all BeanPostProcessors (for example: not eligible for auto-proxying)
[10:46:04:059] [INFO] - org.springframework.context.support.PostProcessorRegistrationDelegate$BeanPostProcessorChecker.postProcessAfterInitialization(PostProcessorRegistrationDelegate.java:330) - Bean 'redisConfig' of type [top.harvie.ProjectTeam.conf.RedisConfig$$EnhancerBySpringCGLIB$$5b54b7db] is not eligible for getting processed by all BeanPostProcessors (for example: not eligible for auto-proxying)
[10:46:04:092] [INFO] - org.springframework.context.support.PostProcessorRegistrationDelegate$BeanPostProcessorChecker.postProcessAfterInitialization(PostProcessorRegistrationDelegate.java:330) - Bean 'org.springframework.hateoas.config.HateoasConfiguration' of type [org.springframework.hateoas.config.HateoasConfiguration$$EnhancerBySpringCGLIB$$9fab2e41] is not eligible for getting processed by all BeanPostProcessors (for example: not eligible for auto-proxying)
[10:46:04:101] [INFO] - org.springframework.context.support.PostProcessorRegistrationDelegate$BeanPostProcessorChecker.postProcessAfterInitialization(PostProcessorRegistrationDelegate.java:330) - Bean 'org.springframework.cloud.autoconfigure.ConfigurationPropertiesRebinderAutoConfiguration' of type [org.springframework.cloud.autoconfigure.ConfigurationPropertiesRebinderAutoConfiguration$$EnhancerBySpringCGLIB$$3c44e40c] is not eligible for getting processed by all BeanPostProcessors (for example: not eligible for auto-proxying)
[10:46:04:840] [INFO] - org.springframework.boot.web.embedded.tomcat.TomcatWebServer.initialize(TomcatWebServer.java:90) - Tomcat initialized with port(s): 8081 (https)
[10:46:04:869] [INFO] - org.apache.juli.logging.DirectJDKLog.log(DirectJDKLog.java:173) - Initializing ProtocolHandler ["https-jsse-nio-8081"]
[10:46:04:893] [INFO] - org.apache.juli.logging.DirectJDKLog.log(DirectJDKLog.java:173) - Starting service [Tomcat]
[10:46:04:894] [INFO] - org.apache.juli.logging.DirectJDKLog.log(DirectJDKLog.java:173) - Starting Servlet engine: [Apache Tomcat/9.0.16]
[10:46:04:908] [INFO] - org.apache.juli.logging.DirectJDKLog.log(DirectJDKLog.java:173) - The APR based Apache Tomcat Native library which allows optimal performance in production environments was not found on the java.library.path: [C:\Program Files\Java\jdk-11.0.2\bin;C:\Windows\Sun\Java\bin;C:\Windows\system32;C:\Windows;C:\Windows\system32;C:\Windows;C:\Windows\System32\Wbem;C:\Windows\System32\WindowsPowerShell\v1.0\;C:\Windows\System32\OpenSSH\;C:\Program Files\NVIDIA Corporation\NVIDIA NvDLISR;C:\Program Files (x86)\NVIDIA Corporation\PhysX\Common;C:\Program Files\Java\jdk-11.0.2\bin;C:\Program Files\Java\jdk-11.0.2\jre\bin;C:\Program Files\maven\apache-maven-3.6.0\bin\;E:\mysql-8.0.15-winx64\bin;C:\Users\yhy\AppData\Local\Microsoft\WindowsApps;C:\Program Files\Bandizip\;C:\Program Files\JetBrains\IntelliJ IDEA 2018.3.5\bin;;E:\SSH;.]
[10:46:05:128] [INFO] - org.apache.juli.logging.DirectJDKLog.log(DirectJDKLog.java:173) - Initializing Spring embedded WebApplicationContext
[10:46:05:129] [INFO] - org.springframework.boot.web.servlet.context.ServletWebServerApplicationContext.prepareWebApplicationContext(ServletWebServerApplicationContext.java:296) - Root WebApplicationContext: initialization completed in 3688 ms
[10:46:05:270] [WARN] - com.netflix.config.sources.URLConfigurationSource.<init>(URLConfigurationSource.java:121) - No URLs will be polled as dynamic configuration sources.
[10:46:05:272] [INFO] - com.netflix.config.sources.URLConfigurationSource.<init>(URLConfigurationSource.java:122) - To enable URLs as dynamic configuration sources, define System property archaius.configurationSource.additionalUrls or make config.properties available on classpath.
[10:46:05:279] [INFO] - com.netflix.config.DynamicPropertyFactory.getInstance(DynamicPropertyFactory.java:281) - DynamicPropertyFactory is initialized with configuration sources: com.netflix.config.ConcurrentCompositeConfiguration@5c8ffaf4
[10:46:08:098] [INFO] - org.springframework.boot.actuate.endpoint.web.EndpointLinksResolver.<init>(EndpointLinksResolver.java:59) - Exposing 19 endpoint(s) beneath base path '/actuator'
[10:46:08:255] [WARN] - com.netflix.config.sources.URLConfigurationSource.<init>(URLConfigurationSource.java:121) - No URLs will be polled as dynamic configuration sources.
[10:46:08:256] [INFO] - com.netflix.config.sources.URLConfigurationSource.<init>(URLConfigurationSource.java:122) - To enable URLs as dynamic configuration sources, define System property archaius.configurationSource.additionalUrls or make config.properties available on classpath.
[10:46:08:394] [INFO] - org.springframework.scheduling.concurrent.ExecutorConfigurationSupport.initialize(ExecutorConfigurationSupport.java:171) - Initializing ExecutorService 'applicationTaskExecutor'
[10:46:08:468] [INFO] - org.springframework.boot.devtools.autoconfigure.OptionalLiveReloadServer.startServer(OptionalLiveReloadServer.java:57) - LiveReload server is running on port 35729
[10:46:10:216] [INFO] - org.springframework.cloud.netflix.eureka.InstanceInfoFactory.create(InstanceInfoFactory.java:71) - Setting initial instance status as: STARTING
[10:46:10:285] [INFO] - com.netflix.discovery.DiscoveryClient.<init>(DiscoveryClient.java:349) - Initializing Eureka in region us-east-1
[10:46:10:529] [INFO] - com.netflix.discovery.provider.DiscoveryJerseyProvider.<init>(DiscoveryJerseyProvider.java:70) - Using JSON encoding codec LegacyJacksonJson
[10:46:10:530] [INFO] - com.netflix.discovery.provider.DiscoveryJerseyProvider.<init>(DiscoveryJerseyProvider.java:71) - Using JSON decoding codec LegacyJacksonJson
[10:46:10:723] [INFO] - com.netflix.discovery.provider.DiscoveryJerseyProvider.<init>(DiscoveryJerseyProvider.java:80) - Using XML encoding codec XStreamXml
[10:46:10:723] [INFO] - com.netflix.discovery.provider.DiscoveryJerseyProvider.<init>(DiscoveryJerseyProvider.java:81) - Using XML decoding codec XStreamXml
[10:46:11:040] [INFO] - com.netflix.discovery.shared.resolver.aws.ConfigClusterResolver.getClusterEndpoints(ConfigClusterResolver.java:43) - Resolving eureka endpoints via configuration
[10:46:11:646] [INFO] - com.netflix.discovery.DiscoveryClient.fetchRegistry(DiscoveryClient.java:958) - Disable delta property : false
[10:46:11:647] [INFO] - com.netflix.discovery.DiscoveryClient.fetchRegistry(DiscoveryClient.java:959) - Single vip registry refresh property : null
[10:46:11:647] [INFO] - com.netflix.discovery.DiscoveryClient.fetchRegistry(DiscoveryClient.java:960) - Force full registry fetch : false
[10:46:11:647] [INFO] - com.netflix.discovery.DiscoveryClient.fetchRegistry(DiscoveryClient.java:961) - Application is null : false
[10:46:11:648] [INFO] - com.netflix.discovery.DiscoveryClient.fetchRegistry(DiscoveryClient.java:962) - Registered Applications size is zero : true
[10:46:11:648] [INFO] - com.netflix.discovery.DiscoveryClient.fetchRegistry(DiscoveryClient.java:964) - Application version is -1: true
[10:46:11:648] [INFO] - com.netflix.discovery.DiscoveryClient.getAndStoreFullRegistry(DiscoveryClient.java:1047) - Getting all instance registry info from the eureka server
[10:46:11:946] [INFO] - com.netflix.discovery.DiscoveryClient.getAndStoreFullRegistry(DiscoveryClient.java:1056) - The response status is 200
[10:46:11:949] [INFO] - com.netflix.discovery.DiscoveryClient.initScheduledTasks(DiscoveryClient.java:1270) - Starting heartbeat executor: renew interval is: 30
[10:46:11:951] [INFO] - com.netflix.discovery.InstanceInfoReplicator.<init>(InstanceInfoReplicator.java:60) - InstanceInfoReplicator onDemand update allowed rate per min is 4
[10:46:11:957] [INFO] - com.netflix.discovery.DiscoveryClient.<init>(DiscoveryClient.java:449) - Discovery Client initialized at timestamp 1557456371954 with initial instances count: 3
[10:46:11:962] [INFO] - org.springframework.cloud.netflix.eureka.serviceregistry.EurekaServiceRegistry.register(EurekaServiceRegistry.java:42) - Registering application USER-SERVICE with eureka with status UP
[10:46:11:964] [INFO] - com.netflix.discovery.DiscoveryClient$3.notify(DiscoveryClient.java:1305) - Saw local status change event StatusChangeEvent [timestamp=1557456371964, current=UP, previous=STARTING]
[10:46:11:967] [INFO] - com.netflix.discovery.DiscoveryClient.register(DiscoveryClient.java:826) - DiscoveryClient_USER-SERVICE/DESKTOP-KRVLQ2R:User-Service:8081: registering service...
[10:46:11:997] [INFO] - springfox.documentation.spring.web.plugins.DocumentationPluginsBootstrapper.onApplicationEvent(DocumentationPluginsBootstrapper.java:80) - Context refreshed
[10:46:12:023] [INFO] - com.netflix.discovery.DiscoveryClient.register(DiscoveryClient.java:835) - DiscoveryClient_USER-SERVICE/DESKTOP-KRVLQ2R:User-Service:8081 - registration status: 204
[10:46:12:023] [INFO] - springfox.documentation.spring.web.plugins.DocumentationPluginsBootstrapper.onApplicationEvent(DocumentationPluginsBootstrapper.java:83) - Found {0} custom documentation plugin(s)
[10:46:12:042] [INFO] - springfox.documentation.spring.web.scanners.ApiListingReferenceScanner.scan(ApiListingReferenceScanner.java:53) - Scanning for api listing references
[10:46:12:045] [INFO] - springfox.documentation.swagger.web.ClassOrApiAnnotationResourceGrouping$1.apply(ClassOrApiAnnotationResourceGrouping.java:100) - Group for method select was suggestion
[10:46:12:046] [INFO] - springfox.documentation.spring.web.scanners.ApiListingReferenceScanner.scan(ApiListingReferenceScanner.java:72) - Request mapping: select belongs to groups: [[ResourceGroup{groupName='suggestion', position=0, controller=top.harvie.ProjectTeam.controller.SuggestionController}]] 
[10:46:12:047] [INFO] - springfox.documentation.swagger.web.ClassOrApiAnnotationResourceGrouping$1.apply(ClassOrApiAnnotationResourceGrouping.java:100) - Group for method delete was suggestion
[10:46:12:047] [INFO] - springfox.documentation.spring.web.scanners.ApiListingReferenceScanner.scan(ApiListingReferenceScanner.java:72) - Request mapping: delete belongs to groups: [[ResourceGroup{groupName='suggestion', position=0, controller=top.harvie.ProjectTeam.controller.SuggestionController}]] 
[10:46:12:048] [INFO] - springfox.documentation.swagger.web.ClassOrApiAnnotationResourceGrouping$1.apply(ClassOrApiAnnotationResourceGrouping.java:100) - Group for method update was suggestion
[10:46:12:048] [INFO] - springfox.documentation.spring.web.scanners.ApiListingReferenceScanner.scan(ApiListingReferenceScanner.java:72) - Request mapping: update belongs to groups: [[ResourceGroup{groupName='suggestion', position=0, controller=top.harvie.ProjectTeam.controller.SuggestionController}]] 
[10:46:12:048] [INFO] - springfox.documentation.swagger.web.ClassOrApiAnnotationResourceGrouping$1.apply(ClassOrApiAnnotationResourceGrouping.java:100) - Group for method add was suggestion
[10:46:12:048] [INFO] - springfox.documentation.spring.web.scanners.ApiListingReferenceScanner.scan(ApiListingReferenceScanner.java:72) - Request mapping: add belongs to groups: [[ResourceGroup{groupName='suggestion', position=0, controller=top.harvie.ProjectTeam.controller.SuggestionController}]] 
[10:46:12:048] [INFO] - springfox.documentation.swagger.web.ClassOrApiAnnotationResourceGrouping$1.apply(ClassOrApiAnnotationResourceGrouping.java:100) - Group for method selectById was suggestion
[10:46:12:049] [INFO] - springfox.documentation.spring.web.scanners.ApiListingReferenceScanner.scan(ApiListingReferenceScanner.java:72) - Request mapping: selectById belongs to groups: [[ResourceGroup{groupName='suggestion', position=0, controller=top.harvie.ProjectTeam.controller.SuggestionController}]] 
[10:46:12:049] [INFO] - springfox.documentation.swagger.web.ClassOrApiAnnotationResourceGrouping$1.apply(ClassOrApiAnnotationResourceGrouping.java:100) - Group for method uploadFile was filecontroller
[10:46:12:050] [INFO] - springfox.documentation.spring.web.scanners.ApiListingReferenceScanner.scan(ApiListingReferenceScanner.java:72) - Request mapping: uploadFile belongs to groups: [[ResourceGroup{groupName='filecontroller', position=0, controller=top.harvie.ProjectTeam.controller.FileController}]] 
[10:46:12:050] [INFO] - springfox.documentation.swagger.web.ClassOrApiAnnotationResourceGrouping$1.apply(ClassOrApiAnnotationResourceGrouping.java:100) - Group for method select was user
[10:46:12:050] [INFO] - springfox.documentation.spring.web.scanners.ApiListingReferenceScanner.scan(ApiListingReferenceScanner.java:72) - Request mapping: select belongs to groups: [[ResourceGroup{groupName='user', position=0, controller=top.harvie.ProjectTeam.controller.UserController}]] 
[10:46:12:051] [INFO] - springfox.documentation.swagger.web.ClassOrApiAnnotationResourceGrouping$1.apply(ClassOrApiAnnotationResourceGrouping.java:100) - Group for method code was user
[10:46:12:051] [INFO] - springfox.documentation.spring.web.scanners.ApiListingReferenceScanner.scan(ApiListingReferenceScanner.java:72) - Request mapping: code belongs to groups: [[ResourceGroup{groupName='user', position=0, controller=top.harvie.ProjectTeam.controller.UserController}]] 
[10:46:12:051] [INFO] - springfox.documentation.swagger.web.ClassOrApiAnnotationResourceGrouping$1.apply(ClassOrApiAnnotationResourceGrouping.java:100) - Group for method delete was user
[10:46:12:051] [INFO] - springfox.documentation.spring.web.scanners.ApiListingReferenceScanner.scan(ApiListingReferenceScanner.java:72) - Request mapping: delete belongs to groups: [[ResourceGroup{groupName='user', position=0, controller=top.harvie.ProjectTeam.controller.UserController}]] 
[10:46:12:052] [INFO] - springfox.documentation.swagger.web.ClassOrApiAnnotationResourceGrouping$1.apply(ClassOrApiAnnotationResourceGrouping.java:100) - Group for method update was user
[10:46:12:052] [INFO] - springfox.documentation.spring.web.scanners.ApiListingReferenceScanner.scan(ApiListingReferenceScanner.java:72) - Request mapping: update belongs to groups: [[ResourceGroup{groupName='user', position=0, controller=top.harvie.ProjectTeam.controller.UserController}]] 
[10:46:12:052] [INFO] - springfox.documentation.swagger.web.ClassOrApiAnnotationResourceGrouping$1.apply(ClassOrApiAnnotationResourceGrouping.java:100) - Group for method add was user
[10:46:12:053] [INFO] - springfox.documentation.spring.web.scanners.ApiListingReferenceScanner.scan(ApiListingReferenceScanner.java:72) - Request mapping: add belongs to groups: [[ResourceGroup{groupName='user', position=0, controller=top.harvie.ProjectTeam.controller.UserController}]] 
[10:46:12:053] [INFO] - springfox.documentation.swagger.web.ClassOrApiAnnotationResourceGrouping$1.apply(ClassOrApiAnnotationResourceGrouping.java:100) - Group for method selectById was user
[10:46:12:053] [INFO] - springfox.documentation.spring.web.scanners.ApiListingReferenceScanner.scan(ApiListingReferenceScanner.java:72) - Request mapping: selectById belongs to groups: [[ResourceGroup{groupName='user', position=0, controller=top.harvie.ProjectTeam.controller.UserController}]] 
[10:46:12:056] [INFO] - springfox.documentation.spring.web.scanners.ApiListingReferenceScanner.scan(ApiListingReferenceScanner.java:84) - Created resource listing Path: /top.harvie/suggestion Description: suggestion Position: 0
[10:46:12:057] [INFO] - springfox.documentation.spring.web.scanners.ApiListingReferenceScanner.scan(ApiListingReferenceScanner.java:84) - Created resource listing Path: /top.harvie/user Description: user Position: 0
[10:46:12:058] [INFO] - springfox.documentation.spring.web.scanners.ApiListingReferenceScanner.scan(ApiListingReferenceScanner.java:84) - Created resource listing Path: /top.harvie/filecontroller Description: filecontroller Position: 0
[10:46:12:075] [INFO] - springfox.documentation.schema.ModelContextKeyGenerator.generate(ModelContextKeyGenerator.java:46) - Cache Key Generated: java.lang.Object(true)
[10:46:12:075] [INFO] - springfox.documentation.spring.web.caching.CachingAspect.modelsAndDependencies(CachingAspect.java:79) - Caching aspect applied for cache models with key java.lang.Object(true)
[10:46:12:079] [INFO] - springfox.documentation.schema.ModelContextKeyGenerator.generate(ModelContextKeyGenerator.java:46) - Cache Key Generated: java.lang.Object(true)
[10:46:12:079] [INFO] - springfox.documentation.spring.web.caching.CachingAspect.modelsAndDependencies(CachingAspect.java:79) - Caching aspect applied for cache modelDependencies with key java.lang.Object(true)
[10:46:12:085] [INFO] - springfox.documentation.spring.web.OperationsKeyGenerator.generate(OperationsKeyGenerator.java:51) - Cache key generated: /api/uploadFile.top.harvie.ProjectTeam.controller.FileController.uploadFile.CodeGenGenericTypeNamingStrategy
[10:46:12:085] [INFO] - springfox.documentation.spring.web.caching.CachingAspect.operationsAndProperties(CachingAspect.java:68) - Caching aspect applied for cache operations with key /api/uploadFile.top.harvie.ProjectTeam.controller.FileController.uploadFile.CodeGenGenericTypeNamingStrategy
[10:46:12:113] [INFO] - springfox.documentation.swagger.web.ClassOrApiAnnotationResourceGrouping$1.apply(ClassOrApiAnnotationResourceGrouping.java:100) - Group for method uploadFile was filecontroller
[10:46:12:122] [INFO] - springfox.documentation.swagger.web.ClassOrApiAnnotationResourceGrouping$1.apply(ClassOrApiAnnotationResourceGrouping.java:100) - Group for method uploadFile was filecontroller
[10:46:12:134] [INFO] - springfox.documentation.schema.ModelContextKeyGenerator.generate(ModelContextKeyGenerator.java:46) - Cache Key Generated: java.lang.Object(true)
[10:46:12:134] [INFO] - springfox.documentation.spring.web.caching.CachingAspect.modelsAndDependencies(CachingAspect.java:79) - Caching aspect applied for cache models with key java.lang.Object(true)
[10:46:12:135] [INFO] - springfox.documentation.schema.ModelContextKeyGenerator.generate(ModelContextKeyGenerator.java:46) - Cache Key Generated: java.lang.Object(true)
[10:46:12:135] [INFO] - springfox.documentation.spring.web.caching.CachingAspect.modelsAndDependencies(CachingAspect.java:79) - Caching aspect applied for cache modelDependencies with key java.lang.Object(true)
[10:46:12:135] [INFO] - springfox.documentation.schema.ModelContextKeyGenerator.generate(ModelContextKeyGenerator.java:46) - Cache Key Generated: top.harvie.ProjectTeam.dao.pojo.Suggestion(false)
[10:46:12:135] [INFO] - springfox.documentation.spring.web.caching.CachingAspect.modelsAndDependencies(CachingAspect.java:79) - Caching aspect applied for cache models with key top.harvie.ProjectTeam.dao.pojo.Suggestion(false)
[10:46:12:136] [INFO] - springfox.documentation.schema.property.ModelPropertiesKeyGenerator.generate(ModelPropertiesKeyGenerator.java:48) - Cache key generated: top.harvie.ProjectTeam.dao.pojo.Suggestion(false)
[10:46:12:136] [INFO] - springfox.documentation.spring.web.caching.CachingAspect.operationsAndProperties(CachingAspect.java:68) - Caching aspect applied for cache modelProperties with key top.harvie.ProjectTeam.dao.pojo.Suggestion(false)
[10:46:12:166] [INFO] - springfox.documentation.schema.ModelContextKeyGenerator.generate(ModelContextKeyGenerator.java:46) - Cache Key Generated: top.harvie.ProjectTeam.dao.pojo.Suggestion(false)
[10:46:12:167] [INFO] - springfox.documentation.spring.web.caching.CachingAspect.modelsAndDependencies(CachingAspect.java:79) - Caching aspect applied for cache modelDependencies with key top.harvie.ProjectTeam.dao.pojo.Suggestion(false)
[10:46:12:168] [INFO] - springfox.documentation.schema.property.ModelPropertiesKeyGenerator.generate(ModelPropertiesKeyGenerator.java:48) - Cache key generated: top.harvie.ProjectTeam.dao.pojo.Suggestion(false)
[10:46:12:168] [INFO] - springfox.documentation.spring.web.caching.CachingAspect.operationsAndProperties(CachingAspect.java:68) - Caching aspect applied for cache modelProperties with key top.harvie.ProjectTeam.dao.pojo.Suggestion(false)
[10:46:12:169] [INFO] - springfox.documentation.spring.web.OperationsKeyGenerator.generate(OperationsKeyGenerator.java:51) - Cache key generated: /api/suggestion.top.harvie.ProjectTeam.controller.SuggestionController.add.CodeGenGenericTypeNamingStrategy
[10:46:12:170] [INFO] - springfox.documentation.spring.web.caching.CachingAspect.operationsAndProperties(CachingAspect.java:68) - Caching aspect applied for cache operations with key /api/suggestion.top.harvie.ProjectTeam.controller.SuggestionController.add.CodeGenGenericTypeNamingStrategy
[10:46:12:173] [INFO] - springfox.documentation.swagger.web.ClassOrApiAnnotationResourceGrouping$1.apply(ClassOrApiAnnotationResourceGrouping.java:100) - Group for method add was suggestion
[10:46:12:175] [INFO] - springfox.documentation.swagger.web.ClassOrApiAnnotationResourceGrouping$1.apply(ClassOrApiAnnotationResourceGrouping.java:100) - Group for method add was suggestion
[10:46:12:177] [INFO] - springfox.documentation.schema.ModelContextKeyGenerator.generate(ModelContextKeyGenerator.java:46) - Cache Key Generated: java.lang.Object(true)
[10:46:12:178] [INFO] - springfox.documentation.spring.web.caching.CachingAspect.modelsAndDependencies(CachingAspect.java:79) - Caching aspect applied for cache models with key java.lang.Object(true)
[10:46:12:178] [INFO] - springfox.documentation.schema.ModelContextKeyGenerator.generate(ModelContextKeyGenerator.java:46) - Cache Key Generated: java.lang.Object(true)
[10:46:12:179] [INFO] - springfox.documentation.spring.web.caching.CachingAspect.modelsAndDependencies(CachingAspect.java:79) - Caching aspect applied for cache modelDependencies with key java.lang.Object(true)
[10:46:12:179] [INFO] - springfox.documentation.spring.web.OperationsKeyGenerator.generate(OperationsKeyGenerator.java:51) - Cache key generated: /api/suggestion/delete.top.harvie.ProjectTeam.controller.SuggestionController.delete.CodeGenGenericTypeNamingStrategy
[10:46:12:179] [INFO] - springfox.documentation.spring.web.caching.CachingAspect.operationsAndProperties(CachingAspect.java:68) - Caching aspect applied for cache operations with key /api/suggestion/delete.top.harvie.ProjectTeam.controller.SuggestionController.delete.CodeGenGenericTypeNamingStrategy
[10:46:12:183] [INFO] - springfox.documentation.swagger.web.ClassOrApiAnnotationResourceGrouping$1.apply(ClassOrApiAnnotationResourceGrouping.java:100) - Group for method delete was suggestion
[10:46:12:184] [INFO] - springfox.documentation.swagger.web.ClassOrApiAnnotationResourceGrouping$1.apply(ClassOrApiAnnotationResourceGrouping.java:100) - Group for method delete was suggestion
[10:46:12:187] [INFO] - springfox.documentation.schema.ModelContextKeyGenerator.generate(ModelContextKeyGenerator.java:46) - Cache Key Generated: java.lang.Object(true)
[10:46:12:187] [INFO] - springfox.documentation.spring.web.caching.CachingAspect.modelsAndDependencies(CachingAspect.java:79) - Caching aspect applied for cache models with key java.lang.Object(true)
[10:46:12:187] [INFO] - springfox.documentation.schema.ModelContextKeyGenerator.generate(ModelContextKeyGenerator.java:46) - Cache Key Generated: java.lang.Object(true)
[10:46:12:187] [INFO] - springfox.documentation.spring.web.caching.CachingAspect.modelsAndDependencies(CachingAspect.java:79) - Caching aspect applied for cache modelDependencies with key java.lang.Object(true)
[10:46:12:187] [INFO] - springfox.documentation.spring.web.OperationsKeyGenerator.generate(OperationsKeyGenerator.java:51) - Cache key generated: /api/suggestion/all.top.harvie.ProjectTeam.controller.SuggestionController.select.CodeGenGenericTypeNamingStrategy
[10:46:12:187] [INFO] - springfox.documentation.spring.web.caching.CachingAspect.operationsAndProperties(CachingAspect.java:68) - Caching aspect applied for cache operations with key /api/suggestion/all.top.harvie.ProjectTeam.controller.SuggestionController.select.CodeGenGenericTypeNamingStrategy
[10:46:12:188] [INFO] - springfox.documentation.swagger.web.ClassOrApiAnnotationResourceGrouping$1.apply(ClassOrApiAnnotationResourceGrouping.java:100) - Group for method select was suggestion
[10:46:12:189] [INFO] - springfox.documentation.swagger.web.ClassOrApiAnnotationResourceGrouping$1.apply(ClassOrApiAnnotationResourceGrouping.java:100) - Group for method select was suggestion
[10:46:12:190] [INFO] - springfox.documentation.schema.ModelContextKeyGenerator.generate(ModelContextKeyGenerator.java:46) - Cache Key Generated: java.lang.Object(true)
[10:46:12:191] [INFO] - springfox.documentation.spring.web.caching.CachingAspect.modelsAndDependencies(CachingAspect.java:79) - Caching aspect applied for cache models with key java.lang.Object(true)
[10:46:12:191] [INFO] - springfox.documentation.schema.ModelContextKeyGenerator.generate(ModelContextKeyGenerator.java:46) - Cache Key Generated: java.lang.Object(true)
[10:46:12:191] [INFO] - springfox.documentation.spring.web.caching.CachingAspect.modelsAndDependencies(CachingAspect.java:79) - Caching aspect applied for cache modelDependencies with key java.lang.Object(true)
[10:46:12:191] [INFO] - springfox.documentation.spring.web.OperationsKeyGenerator.generate(OperationsKeyGenerator.java:51) - Cache key generated: /api/suggestion.top.harvie.ProjectTeam.controller.SuggestionController.selectById.CodeGenGenericTypeNamingStrategy
[10:46:12:192] [INFO] - springfox.documentation.spring.web.caching.CachingAspect.operationsAndProperties(CachingAspect.java:68) - Caching aspect applied for cache operations with key /api/suggestion.top.harvie.ProjectTeam.controller.SuggestionController.selectById.CodeGenGenericTypeNamingStrategy
[10:46:12:196] [INFO] - springfox.documentation.swagger.web.ClassOrApiAnnotationResourceGrouping$1.apply(ClassOrApiAnnotationResourceGrouping.java:100) - Group for method selectById was suggestion
[10:46:12:197] [INFO] - springfox.documentation.swagger.web.ClassOrApiAnnotationResourceGrouping$1.apply(ClassOrApiAnnotationResourceGrouping.java:100) - Group for method selectById was suggestion
[10:46:12:199] [INFO] - springfox.documentation.schema.ModelContextKeyGenerator.generate(ModelContextKeyGenerator.java:46) - Cache Key Generated: java.lang.Object(true)
[10:46:12:199] [INFO] - springfox.documentation.spring.web.caching.CachingAspect.modelsAndDependencies(CachingAspect.java:79) - Caching aspect applied for cache models with key java.lang.Object(true)
[10:46:12:200] [INFO] - springfox.documentation.schema.ModelContextKeyGenerator.generate(ModelContextKeyGenerator.java:46) - Cache Key Generated: java.lang.Object(true)
[10:46:12:200] [INFO] - springfox.documentation.spring.web.caching.CachingAspect.modelsAndDependencies(CachingAspect.java:79) - Caching aspect applied for cache modelDependencies with key java.lang.Object(true)
[10:46:12:200] [INFO] - springfox.documentation.schema.ModelContextKeyGenerator.generate(ModelContextKeyGenerator.java:46) - Cache Key Generated: top.harvie.ProjectTeam.dao.pojo.Suggestion(false)
[10:46:12:201] [INFO] - springfox.documentation.spring.web.caching.CachingAspect.modelsAndDependencies(CachingAspect.java:79) - Caching aspect applied for cache models with key top.harvie.ProjectTeam.dao.pojo.Suggestion(false)
[10:46:12:201] [INFO] - springfox.documentation.schema.ModelContextKeyGenerator.generate(ModelContextKeyGenerator.java:46) - Cache Key Generated: top.harvie.ProjectTeam.dao.pojo.Suggestion(false)
[10:46:12:202] [INFO] - springfox.documentation.spring.web.caching.CachingAspect.modelsAndDependencies(CachingAspect.java:79) - Caching aspect applied for cache modelDependencies with key top.harvie.ProjectTeam.dao.pojo.Suggestion(false)
[10:46:12:202] [INFO] - springfox.documentation.spring.web.OperationsKeyGenerator.generate(OperationsKeyGenerator.java:51) - Cache key generated: /api/suggestion/update.top.harvie.ProjectTeam.controller.SuggestionController.update.CodeGenGenericTypeNamingStrategy
[10:46:12:202] [INFO] - springfox.documentation.spring.web.caching.CachingAspect.operationsAndProperties(CachingAspect.java:68) - Caching aspect applied for cache operations with key /api/suggestion/update.top.harvie.ProjectTeam.controller.SuggestionController.update.CodeGenGenericTypeNamingStrategy
[10:46:12:203] [INFO] - springfox.documentation.swagger.web.ClassOrApiAnnotationResourceGrouping$1.apply(ClassOrApiAnnotationResourceGrouping.java:100) - Group for method update was suggestion
[10:46:12:204] [INFO] - springfox.documentation.swagger.web.ClassOrApiAnnotationResourceGrouping$1.apply(ClassOrApiAnnotationResourceGrouping.java:100) - Group for method update was suggestion
[10:46:12:206] [INFO] - springfox.documentation.schema.ModelContextKeyGenerator.generate(ModelContextKeyGenerator.java:46) - Cache Key Generated: java.lang.Object(true)
[10:46:12:206] [INFO] - springfox.documentation.spring.web.caching.CachingAspect.modelsAndDependencies(CachingAspect.java:79) - Caching aspect applied for cache models with key java.lang.Object(true)
[10:46:12:207] [INFO] - springfox.documentation.schema.ModelContextKeyGenerator.generate(ModelContextKeyGenerator.java:46) - Cache Key Generated: java.lang.Object(true)
[10:46:12:207] [INFO] - springfox.documentation.spring.web.caching.CachingAspect.modelsAndDependencies(CachingAspect.java:79) - Caching aspect applied for cache modelDependencies with key java.lang.Object(true)
[10:46:12:207] [INFO] - springfox.documentation.schema.ModelContextKeyGenerator.generate(ModelContextKeyGenerator.java:46) - Cache Key Generated: top.harvie.ProjectTeam.dao.pojo.User(false)
[10:46:12:208] [INFO] - springfox.documentation.spring.web.caching.CachingAspect.modelsAndDependencies(CachingAspect.java:79) - Caching aspect applied for cache models with key top.harvie.ProjectTeam.dao.pojo.User(false)
[10:46:12:208] [INFO] - springfox.documentation.schema.property.ModelPropertiesKeyGenerator.generate(ModelPropertiesKeyGenerator.java:48) - Cache key generated: top.harvie.ProjectTeam.dao.pojo.User(false)
[10:46:12:208] [INFO] - springfox.documentation.spring.web.caching.CachingAspect.operationsAndProperties(CachingAspect.java:68) - Caching aspect applied for cache modelProperties with key top.harvie.ProjectTeam.dao.pojo.User(false)
[10:46:12:213] [INFO] - springfox.documentation.schema.ModelContextKeyGenerator.generate(ModelContextKeyGenerator.java:46) - Cache Key Generated: top.harvie.ProjectTeam.dao.pojo.User(false)
[10:46:12:213] [INFO] - springfox.documentation.spring.web.caching.CachingAspect.modelsAndDependencies(CachingAspect.java:79) - Caching aspect applied for cache modelDependencies with key top.harvie.ProjectTeam.dao.pojo.User(false)
[10:46:12:213] [INFO] - springfox.documentation.schema.property.ModelPropertiesKeyGenerator.generate(ModelPropertiesKeyGenerator.java:48) - Cache key generated: top.harvie.ProjectTeam.dao.pojo.User(false)
[10:46:12:213] [INFO] - springfox.documentation.spring.web.caching.CachingAspect.operationsAndProperties(CachingAspect.java:68) - Caching aspect applied for cache modelProperties with key top.harvie.ProjectTeam.dao.pojo.User(false)
[10:46:12:214] [INFO] - springfox.documentation.spring.web.OperationsKeyGenerator.generate(OperationsKeyGenerator.java:51) - Cache key generated: /api/user.top.harvie.ProjectTeam.controller.UserController.add.CodeGenGenericTypeNamingStrategy
[10:46:12:214] [INFO] - springfox.documentation.spring.web.caching.CachingAspect.operationsAndProperties(CachingAspect.java:68) - Caching aspect applied for cache operations with key /api/user.top.harvie.ProjectTeam.controller.UserController.add.CodeGenGenericTypeNamingStrategy
[10:46:12:215] [INFO] - springfox.documentation.swagger.web.ClassOrApiAnnotationResourceGrouping$1.apply(ClassOrApiAnnotationResourceGrouping.java:100) - Group for method add was user
[10:46:12:216] [INFO] - springfox.documentation.swagger.web.ClassOrApiAnnotationResourceGrouping$1.apply(ClassOrApiAnnotationResourceGrouping.java:100) - Group for method add was user
[10:46:12:216] [INFO] - springfox.documentation.spring.web.readers.operation.CachingOperationNameGenerator.startingWith(CachingOperationNameGenerator.java:40) - Generating unique operation named: addUsingPOST_1
[10:46:12:217] [INFO] - springfox.documentation.schema.ModelContextKeyGenerator.generate(ModelContextKeyGenerator.java:46) - Cache Key Generated: java.lang.Object(true)
[10:46:12:218] [INFO] - springfox.documentation.spring.web.caching.CachingAspect.modelsAndDependencies(CachingAspect.java:79) - Caching aspect applied for cache models with key java.lang.Object(true)
[10:46:12:218] [INFO] - springfox.documentation.schema.ModelContextKeyGenerator.generate(ModelContextKeyGenerator.java:46) - Cache Key Generated: java.lang.Object(true)
[10:46:12:218] [INFO] - springfox.documentation.spring.web.caching.CachingAspect.modelsAndDependencies(CachingAspect.java:79) - Caching aspect applied for cache modelDependencies with key java.lang.Object(true)
[10:46:12:218] [INFO] - springfox.documentation.spring.web.OperationsKeyGenerator.generate(OperationsKeyGenerator.java:51) - Cache key generated: /api/user/code.top.harvie.ProjectTeam.controller.UserController.code.CodeGenGenericTypeNamingStrategy
[10:46:12:218] [INFO] - springfox.documentation.spring.web.caching.CachingAspect.operationsAndProperties(CachingAspect.java:68) - Caching aspect applied for cache operations with key /api/user/code.top.harvie.ProjectTeam.controller.UserController.code.CodeGenGenericTypeNamingStrategy
[10:46:12:220] [INFO] - springfox.documentation.swagger.web.ClassOrApiAnnotationResourceGrouping$1.apply(ClassOrApiAnnotationResourceGrouping.java:100) - Group for method code was user
[10:46:12:221] [INFO] - springfox.documentation.swagger.web.ClassOrApiAnnotationResourceGrouping$1.apply(ClassOrApiAnnotationResourceGrouping.java:100) - Group for method code was user
[10:46:12:223] [INFO] - springfox.documentation.schema.ModelContextKeyGenerator.generate(ModelContextKeyGenerator.java:46) - Cache Key Generated: java.lang.Object(true)
[10:46:12:223] [INFO] - springfox.documentation.spring.web.caching.CachingAspect.modelsAndDependencies(CachingAspect.java:79) - Caching aspect applied for cache models with key java.lang.Object(true)
[10:46:12:223] [INFO] - springfox.documentation.schema.ModelContextKeyGenerator.generate(ModelContextKeyGenerator.java:46) - Cache Key Generated: java.lang.Object(true)
[10:46:12:224] [INFO] - springfox.documentation.spring.web.caching.CachingAspect.modelsAndDependencies(CachingAspect.java:79) - Caching aspect applied for cache modelDependencies with key java.lang.Object(true)
[10:46:12:224] [INFO] - springfox.documentation.spring.web.OperationsKeyGenerator.generate(OperationsKeyGenerator.java:51) - Cache key generated: /api/user/delete.top.harvie.ProjectTeam.controller.UserController.delete.CodeGenGenericTypeNamingStrategy
[10:46:12:224] [INFO] - springfox.documentation.spring.web.caching.CachingAspect.operationsAndProperties(CachingAspect.java:68) - Caching aspect applied for cache operations with key /api/user/delete.top.harvie.ProjectTeam.controller.UserController.delete.CodeGenGenericTypeNamingStrategy
[10:46:12:225] [INFO] - springfox.documentation.swagger.web.ClassOrApiAnnotationResourceGrouping$1.apply(ClassOrApiAnnotationResourceGrouping.java:100) - Group for method delete was user
[10:46:12:227] [INFO] - springfox.documentation.swagger.web.ClassOrApiAnnotationResourceGrouping$1.apply(ClassOrApiAnnotationResourceGrouping.java:100) - Group for method delete was user
[10:46:12:227] [INFO] - springfox.documentation.spring.web.readers.operation.CachingOperationNameGenerator.startingWith(CachingOperationNameGenerator.java:40) - Generating unique operation named: deleteUsingPOST_1
[10:46:12:228] [INFO] - springfox.documentation.schema.ModelContextKeyGenerator.generate(ModelContextKeyGenerator.java:46) - Cache Key Generated: java.lang.Object(true)
[10:46:12:229] [INFO] - springfox.documentation.spring.web.caching.CachingAspect.modelsAndDependencies(CachingAspect.java:79) - Caching aspect applied for cache models with key java.lang.Object(true)
[10:46:12:229] [INFO] - springfox.documentation.schema.ModelContextKeyGenerator.generate(ModelContextKeyGenerator.java:46) - Cache Key Generated: java.lang.Object(true)
[10:46:12:229] [INFO] - springfox.documentation.spring.web.caching.CachingAspect.modelsAndDependencies(CachingAspect.java:79) - Caching aspect applied for cache modelDependencies with key java.lang.Object(true)
[10:46:12:229] [INFO] - springfox.documentation.spring.web.OperationsKeyGenerator.generate(OperationsKeyGenerator.java:51) - Cache key generated: /api/user/all.top.harvie.ProjectTeam.controller.UserController.select.CodeGenGenericTypeNamingStrategy
[10:46:12:229] [INFO] - springfox.documentation.spring.web.caching.CachingAspect.operationsAndProperties(CachingAspect.java:68) - Caching aspect applied for cache operations with key /api/user/all.top.harvie.ProjectTeam.controller.UserController.select.CodeGenGenericTypeNamingStrategy
[10:46:12:230] [INFO] - springfox.documentation.swagger.web.ClassOrApiAnnotationResourceGrouping$1.apply(ClassOrApiAnnotationResourceGrouping.java:100) - Group for method select was user
[10:46:12:232] [INFO] - springfox.documentation.swagger.web.ClassOrApiAnnotationResourceGrouping$1.apply(ClassOrApiAnnotationResourceGrouping.java:100) - Group for method select was user
[10:46:12:233] [INFO] - springfox.documentation.spring.web.readers.operation.CachingOperationNameGenerator.startingWith(CachingOperationNameGenerator.java:40) - Generating unique operation named: selectUsingGET_1
[10:46:12:235] [INFO] - springfox.documentation.schema.ModelContextKeyGenerator.generate(ModelContextKeyGenerator.java:46) - Cache Key Generated: java.lang.Object(true)
[10:46:12:235] [INFO] - springfox.documentation.spring.web.caching.CachingAspect.modelsAndDependencies(CachingAspect.java:79) - Caching aspect applied for cache models with key java.lang.Object(true)
[10:46:12:235] [INFO] - springfox.documentation.schema.ModelContextKeyGenerator.generate(ModelContextKeyGenerator.java:46) - Cache Key Generated: java.lang.Object(true)
[10:46:12:235] [INFO] - springfox.documentation.spring.web.caching.CachingAspect.modelsAndDependencies(CachingAspect.java:79) - Caching aspect applied for cache modelDependencies with key java.lang.Object(true)
[10:46:12:236] [INFO] - springfox.documentation.spring.web.OperationsKeyGenerator.generate(OperationsKeyGenerator.java:51) - Cache key generated: /api/user.top.harvie.ProjectTeam.controller.UserController.selectById.CodeGenGenericTypeNamingStrategy
[10:46:12:236] [INFO] - springfox.documentation.spring.web.caching.CachingAspect.operationsAndProperties(CachingAspect.java:68) - Caching aspect applied for cache operations with key /api/user.top.harvie.ProjectTeam.controller.UserController.selectById.CodeGenGenericTypeNamingStrategy
[10:46:12:238] [INFO] - springfox.documentation.swagger.web.ClassOrApiAnnotationResourceGrouping$1.apply(ClassOrApiAnnotationResourceGrouping.java:100) - Group for method selectById was user
[10:46:12:239] [INFO] - springfox.documentation.swagger.web.ClassOrApiAnnotationResourceGrouping$1.apply(ClassOrApiAnnotationResourceGrouping.java:100) - Group for method selectById was user
[10:46:12:239] [INFO] - springfox.documentation.spring.web.readers.operation.CachingOperationNameGenerator.startingWith(CachingOperationNameGenerator.java:40) - Generating unique operation named: selectByIdUsingGET_1
[10:46:12:241] [INFO] - springfox.documentation.schema.ModelContextKeyGenerator.generate(ModelContextKeyGenerator.java:46) - Cache Key Generated: java.lang.Object(true)
[10:46:12:241] [INFO] - springfox.documentation.spring.web.caching.CachingAspect.modelsAndDependencies(CachingAspect.java:79) - Caching aspect applied for cache models with key java.lang.Object(true)
[10:46:12:242] [INFO] - springfox.documentation.schema.ModelContextKeyGenerator.generate(ModelContextKeyGenerator.java:46) - Cache Key Generated: java.lang.Object(true)
[10:46:12:243] [INFO] - springfox.documentation.spring.web.caching.CachingAspect.modelsAndDependencies(CachingAspect.java:79) - Caching aspect applied for cache modelDependencies with key java.lang.Object(true)
[10:46:12:243] [INFO] - springfox.documentation.schema.ModelContextKeyGenerator.generate(ModelContextKeyGenerator.java:46) - Cache Key Generated: top.harvie.ProjectTeam.dao.pojo.User(false)
[10:46:12:244] [INFO] - springfox.documentation.spring.web.caching.CachingAspect.modelsAndDependencies(CachingAspect.java:79) - Caching aspect applied for cache models with key top.harvie.ProjectTeam.dao.pojo.User(false)
[10:46:12:244] [INFO] - springfox.documentation.schema.ModelContextKeyGenerator.generate(ModelContextKeyGenerator.java:46) - Cache Key Generated: top.harvie.ProjectTeam.dao.pojo.User(false)
[10:46:12:244] [INFO] - springfox.documentation.spring.web.caching.CachingAspect.modelsAndDependencies(CachingAspect.java:79) - Caching aspect applied for cache modelDependencies with key top.harvie.ProjectTeam.dao.pojo.User(false)
[10:46:12:245] [INFO] - springfox.documentation.spring.web.OperationsKeyGenerator.generate(OperationsKeyGenerator.java:51) - Cache key generated: /api/user/update.top.harvie.ProjectTeam.controller.UserController.update.CodeGenGenericTypeNamingStrategy
[10:46:12:245] [INFO] - springfox.documentation.spring.web.caching.CachingAspect.operationsAndProperties(CachingAspect.java:68) - Caching aspect applied for cache operations with key /api/user/update.top.harvie.ProjectTeam.controller.UserController.update.CodeGenGenericTypeNamingStrategy
[10:46:12:246] [INFO] - springfox.documentation.swagger.web.ClassOrApiAnnotationResourceGrouping$1.apply(ClassOrApiAnnotationResourceGrouping.java:100) - Group for method update was user
[10:46:12:247] [INFO] - springfox.documentation.swagger.web.ClassOrApiAnnotationResourceGrouping$1.apply(ClassOrApiAnnotationResourceGrouping.java:100) - Group for method update was user
[10:46:12:247] [INFO] - springfox.documentation.spring.web.readers.operation.CachingOperationNameGenerator.startingWith(CachingOperationNameGenerator.java:40) - Generating unique operation named: updateUsingPOST_1
[10:46:12:257] [INFO] - org.apache.juli.logging.DirectJDKLog.log(DirectJDKLog.java:173) - Starting ProtocolHandler ["https-jsse-nio-8081"]
[10:46:12:459] [INFO] - org.springframework.boot.web.embedded.tomcat.TomcatWebServer.start(TomcatWebServer.java:204) - Tomcat started on port(s): 8081 (https) with context path ''
[10:46:12:462] [INFO] - org.springframework.cloud.netflix.eureka.serviceregistry.EurekaAutoServiceRegistration.onApplicationEvent(EurekaAutoServiceRegistration.java:141) - Updating port to 8081
[10:46:12:465] [INFO] - org.springframework.boot.StartupInfoLogger.logStarted(StartupInfoLogger.java:59) - Started ProjectTeamApplication in 14.295 seconds (JVM running for 17.715)
[10:46:13:468] [INFO] - com.zaxxer.hikari.HikariDataSource.getConnection(HikariDataSource.java:110) - HikariPool-1 - Starting...
[10:46:13:473] [WARN] - com.zaxxer.hikari.util.DriverDataSource.<init>(DriverDataSource.java:68) - Registered driver with driverClassName=com.mysql.jdbc.Driver was not found, trying direct instantiation.
[10:46:14:255] [INFO] - com.zaxxer.hikari.HikariDataSource.getConnection(HikariDataSource.java:123) - HikariPool-1 - Start completed.
[10:46:14:517] [INFO] - io.lettuce.core.EpollProvider.<clinit>(EpollProvider.java:68) - Starting without optional epoll library
[10:46:14:520] [INFO] - io.lettuce.core.KqueueProvider.<clinit>(KqueueProvider.java:70) - Starting without optional kqueue library
[10:46:14:886] [INFO] - org.apache.juli.logging.DirectJDKLog.log(DirectJDKLog.java:173) - Initializing Spring DispatcherServlet 'dispatcherServlet'
[10:46:14:887] [INFO] - org.springframework.web.servlet.FrameworkServlet.initServletBean(FrameworkServlet.java:524) - Initializing Servlet 'dispatcherServlet'
[10:46:14:901] [INFO] - org.springframework.web.servlet.FrameworkServlet.initServletBean(FrameworkServlet.java:546) - Completed initialization in 14 ms
